<?xml version="1.0" encoding="UTF-8"?>
<!-- Generated by org.testng.reporters.JUnitXMLReporter -->
<testsuite ignored="14" hostname="Akhilesh" failures="1" tests="1" name="Default test" time="6.7" errors="0" timestamp="25 Mar 2024 02:09:22 GMT">
  <testcase classname="nuixc.testSuite.AdditionTests" name="test9digitNumbers" time="5.286">
    <failure type="java.lang.AssertionError" message="[Expected and Actual results doesn&amp;apos;t matched.] 
expected: 1.23456789E9
 but was: 1.23466789E8">
      <![CDATA[java.lang.AssertionError: [Expected and Actual results doesn't matched.] 
expected: 1.23456789E9
 but was: 1.23466789E8
at nuixc.testSuite.AdditionTests.test9digitNumbers(AdditionTests.java:70)
at java.base/jdk.internal.reflect.NativeMethodAccessorImpl.invoke0(Native Method)
at java.base/jdk.internal.reflect.NativeMethodAccessorImpl.invoke(NativeMethodAccessorImpl.java:77)
at java.base/jdk.internal.reflect.DelegatingMethodAccessorImpl.invoke(DelegatingMethodAccessorImpl.java:43)
at java.base/java.lang.reflect.Method.invoke(Method.java:568)
at org.testng.internal.MethodInvocationHelper.invokeMethod(MethodInvocationHelper.java:124)
at org.testng.internal.Invoker.invokeMethod(Invoker.java:583)
at org.testng.internal.Invoker.invokeTestMethod(Invoker.java:719)
at org.testng.internal.Invoker.invokeTestMethods(Invoker.java:989)
at org.testng.internal.TestMethodWorker.invokeTestMethods(TestMethodWorker.java:125)
at org.testng.internal.TestMethodWorker.run(TestMethodWorker.java:109)
at org.testng.TestRunner.privateRun(TestRunner.java:648)
at org.testng.TestRunner.run(TestRunner.java:505)
at org.testng.SuiteRunner.runTest(SuiteRunner.java:455)
at org.testng.SuiteRunner.runSequentially(SuiteRunner.java:450)
at org.testng.SuiteRunner.privateRun(SuiteRunner.java:415)
at org.testng.SuiteRunner.run(SuiteRunner.java:364)
at org.testng.SuiteRunnerWorker.runSuite(SuiteRunnerWorker.java:52)
at org.testng.SuiteRunnerWorker.run(SuiteRunnerWorker.java:84)
at org.testng.TestNG.runSuitesSequentially(TestNG.java:1208)
at org.testng.TestNG.runSuitesLocally(TestNG.java:1137)
at org.testng.TestNG.runSuites(TestNG.java:1049)
at org.testng.TestNG.run(TestNG.java:1017)
at org.testng.remote.AbstractRemoteTestNG.run(AbstractRemoteTestNG.java:115)
at org.testng.remote.RemoteTestNG.initAndRun(RemoteTestNG.java:251)
at org.testng.remote.RemoteTestNG.main(RemoteTestNG.java:77)
]]>
    </failure>
  </testcase> <!-- test9digitNumbers -->
  <testcase classname="nuixc.testSuite.AdditionTests" name="testNumbersWithFractions" time="0.0">
    <ignored/>
  </testcase> <!-- testNumbersWithFractions -->
  <testcase classname="nuixc.testSuite.AdditionTests" name="testMaximumDisplayNumbers" time="0.0">
    <ignored/>
  </testcase> <!-- testMaximumDisplayNumbers -->
  <testcase classname="nuixc.testSuite.AdditionTests" name="testAdditionOfNegativeNumberWithZero" time="0.0">
    <ignored/>
  </testcase> <!-- testAdditionOfNegativeNumberWithZero -->
  <testcase classname="nuixc.testSuite.AdditionTests" name="testLatestOperator" time="0.0">
    <ignored/>
  </testcase> <!-- testLatestOperator -->
  <testcase classname="nuixc.testSuite.AdditionTests" name="testTwoNumbers" time="0.0">
    <ignored/>
  </testcase> <!-- testTwoNumbers -->
  <testcase classname="nuixc.testSuite.AdditionTests" name="testNegativeNumbers" time="0.0">
    <ignored/>
  </testcase> <!-- testNegativeNumbers -->
  <testcase classname="nuixc.testSuite.AdditionTests" name="testTwoSmallNumbers" time="0.0">
    <ignored/>
  </testcase> <!-- testTwoSmallNumbers -->
  <testcase classname="nuixc.testSuite.AdditionTests" name="testClear" time="0.0">
    <ignored/>
  </testcase> <!-- testClear -->
  <testcase classname="nuixc.testSuite.AdditionTests" name="testMaxIntValue" time="0.0">
    <ignored/>
  </testcase> <!-- testMaxIntValue -->
  <testcase classname="nuixc.testSuite.AdditionTests" name="testMultipleNumbers" time="0.0">
    <ignored/>
  </testcase> <!-- testMultipleNumbers -->
  <testcase classname="nuixc.testSuite.AdditionTests" name="verify10digitNumberNotAcceptable" time="0.0">
    <ignored/>
  </testcase> <!-- verify10digitNumberNotAcceptable -->
  <testcase classname="nuixc.testSuite.AdditionTests" name="testAdditionOfPositiveNumberWithZero" time="0.0">
    <ignored/>
  </testcase> <!-- testAdditionOfPositiveNumberWithZero -->
  <testcase classname="nuixc.testSuite.AdditionTests" name="testNegativeNumbersWithPositiveNumber" time="0.0">
    <ignored/>
  </testcase> <!-- testNegativeNumbersWithPositiveNumber -->
  <testcase classname="nuixc.testSuite.AdditionTests" name="testMaxLongValue" time="0.0">
    <ignored/>
  </testcase> <!-- testMaxLongValue -->
</testsuite> <!-- Default test -->
