<?xml version="1.0" encoding="UTF-8"?>
<!-- Generated by org.testng.reporters.JUnitXMLReporter -->
<testsuite ignored="14" hostname="Akhilesh" failures="0" tests="1" name="Default test" time="2.837" errors="0" timestamp="25 Mar 2024 01:47:44 GMT">
  <testcase classname="nuixc.testSuite.AdditionTests" name="testLatestOperator" time="1.412"/>
  <testcase classname="nuixc.testSuite.AdditionTests" name="testNumbersWithFractions" time="0.0">
    <ignored/>
  </testcase> <!-- testNumbersWithFractions -->
  <testcase classname="nuixc.testSuite.AdditionTests" name="testMaximumDisplayNumbers" time="0.0">
    <ignored/>
  </testcase> <!-- testMaximumDisplayNumbers -->
  <testcase classname="nuixc.testSuite.AdditionTests" name="testAdditionOfNegativeNumberWithZero" time="0.0">
    <ignored/>
  </testcase> <!-- testAdditionOfNegativeNumberWithZero -->
  <testcase classname="nuixc.testSuite.AdditionTests" name="test9digitNumbers" time="0.0">
    <ignored/>
  </testcase> <!-- test9digitNumbers -->
  <testcase classname="nuixc.testSuite.AdditionTests" name="testTwoNumbers" time="0.0">
    <ignored/>
  </testcase> <!-- testTwoNumbers -->
  <testcase classname="nuixc.testSuite.AdditionTests" name="testNegativeNumbers" time="0.0">
    <ignored/>
  </testcase> <!-- testNegativeNumbers -->
  <testcase classname="nuixc.testSuite.AdditionTests" name="testTwoSmallNumbers" time="0.0">
    <ignored/>
  </testcase> <!-- testTwoSmallNumbers -->
  <testcase classname="nuixc.testSuite.AdditionTests" name="testClear" time="0.0">
    <ignored/>
  </testcase> <!-- testClear -->
  <testcase classname="nuixc.testSuite.AdditionTests" name="testMaxIntValue" time="0.0">
    <ignored/>
  </testcase> <!-- testMaxIntValue -->
  <testcase classname="nuixc.testSuite.AdditionTests" name="testMultipleNumbers" time="0.0">
    <ignored/>
  </testcase> <!-- testMultipleNumbers -->
  <testcase classname="nuixc.testSuite.AdditionTests" name="verify10digitNumberNotAcceptable" time="0.0">
    <ignored/>
  </testcase> <!-- verify10digitNumberNotAcceptable -->
  <testcase classname="nuixc.testSuite.AdditionTests" name="testAdditionOfPositiveNumberWithZero" time="0.0">
    <ignored/>
  </testcase> <!-- testAdditionOfPositiveNumberWithZero -->
  <testcase classname="nuixc.testSuite.AdditionTests" name="testNegativeNumbersWithPositiveNumber" time="0.0">
    <ignored/>
  </testcase> <!-- testNegativeNumbersWithPositiveNumber -->
  <testcase classname="nuixc.testSuite.AdditionTests" name="testMaxLongValue" time="0.0">
    <ignored/>
  </testcase> <!-- testMaxLongValue -->
</testsuite> <!-- Default test -->
